2019/04/15 16:31:02 [INFO] Terraform version: 0.11.13  
2019/04/15 16:31:02 [INFO] Go runtime version: go1.12
2019/04/15 16:31:02 [INFO] CLI args: []string{"/usr/local/Cellar/terraform/0.11.13/bin/terraform", "plan"}
2019/04/15 16:31:02 [DEBUG] Attempting to open CLI config file: /Users/vinayshanbhag/.terraformrc
2019/04/15 16:31:02 [DEBUG] File doesn't exist, but doesn't need to. Ignoring.
2019/04/15 16:31:02 [INFO] CLI command args: []string{"plan"}
2019/04/15 16:31:02 [INFO] command: empty terraform config, returning nil
2019/04/15 16:31:02 [DEBUG] command: no data state file found for backend config
2019/04/15 16:31:02 [DEBUG] New state was assigned lineage "4e0ed064-e275-452b-1744-d8c10ac09b0a"
2019/04/15 16:31:02 [INFO] command: backend initialized: <nil>
2019/04/15 16:31:02 [DEBUG] checking for provider in "."
2019/04/15 16:31:02 [WARN] found legacy provider "terraform-provider-enf"
2019/04/15 16:31:02 [DEBUG] checking for provider in "/usr/local/Cellar/terraform/0.11.13/bin"
2019/04/15 16:31:02 [DEBUG] checking for provider in ".terraform/plugins/darwin_amd64"
2019/04/15 16:31:02 [DEBUG] found valid plugin: "enf", "0.0.0", "/Users/vinayshanbhag/Desktop/terraform-provider-xaptum/terraform-provider-enf"
2019/04/15 16:31:02 [DEBUG] checking for provisioner in "."
2019/04/15 16:31:02 [DEBUG] checking for provisioner in "/usr/local/Cellar/terraform/0.11.13/bin"
2019/04/15 16:31:02 [DEBUG] checking for provisioner in ".terraform/plugins/darwin_amd64"
2019/04/15 16:31:02 [INFO] command: backend <nil> is not enhanced, wrapping in local
2019/04/15 16:31:02 [INFO] backend/local: starting Plan operation
2019/04/15 16:31:02 [DEBUG] New state was assigned lineage "4f4fd0fb-572d-80c5-e8eb-dc9b7c3f586d"
2019/04/15 16:31:03 [INFO] terraform: building graph: GraphTypeInput
2019/04/15 16:31:03 [TRACE] ConfigTransformer: Starting for path: []
2019/04/15 16:31:03 [TRACE] Graph after step *terraform.ConfigTransformer:

enf_firewall.ex - *terraform.NodeAbstractResource
2019/04/15 16:31:03 [TRACE] Graph after step *terraform.LocalTransformer:

enf_firewall.ex - *terraform.NodeAbstractResource
2019/04/15 16:31:03 [TRACE] Graph after step *terraform.OutputTransformer:

enf_firewall.ex - *terraform.NodeAbstractResource
2019/04/15 16:31:03 [TRACE] Graph after step *terraform.OrphanResourceTransformer:

enf_firewall.ex - *terraform.NodeAbstractResource
2019/04/15 16:31:03 [TRACE] Graph after step *terraform.OrphanOutputTransformer:

enf_firewall.ex - *terraform.NodeAbstractResource
2019/04/15 16:31:03 [TRACE] AttachResourceConfigTransformer: Beginning...
2019/04/15 16:31:03 [TRACE] AttachResourceConfigTransformer: Attach resource config request: enf_firewall.ex
2019/04/15 16:31:03 [TRACE] Attaching resource config: &config.Resource{Mode:0, Name:"ex", Type:"enf_firewall", RawCount:(*config.RawConfig)(0xc000408620), RawConfig:(*config.RawConfig)(0xc0004085b0), Provisioners:[]*config.Provisioner(nil), Provider:"", DependsOn:[]string(nil), Lifecycle:config.ResourceLifecycle{CreateBeforeDestroy:false, PreventDestroy:false, IgnoreChanges:[]string(nil)}}
2019/04/15 16:31:03 [TRACE] Graph after step *terraform.AttachResourceConfigTransformer:

enf_firewall.ex - *terraform.NodeAbstractResource
2019/04/15 16:31:03 [DEBUG] Resource state not found for "enf_firewall.ex": enf_firewall.ex
2019/04/15 16:31:03 [TRACE] Graph after step *terraform.AttachStateTransformer:

enf_firewall.ex - *terraform.NodeAbstractResource
2019/04/15 16:31:03 [TRACE] Graph after step *terraform.RootVariableTransformer:

enf_firewall.ex - *terraform.NodeAbstractResource
2019/04/15 16:31:03 [TRACE] ProviderConfigTransformer: Starting for path: []
2019/04/15 16:31:03 [TRACE] Attach provider request: []string{} enf
2019/04/15 16:31:03 [TRACE] Attaching provider config: *config.ProviderConfig{Name:"enf", Alias:"", Version:"", RawConfig:(*config.RawConfig)(0xc000408540)}
2019/04/15 16:31:03 [TRACE] Graph after step *terraform.ProviderConfigTransformer:

enf_firewall.ex - *terraform.NodeAbstractResource
provider.enf - *terraform.NodeApplyableProvider
2019/04/15 16:31:03 [TRACE] Graph after step *terraform.MissingProviderTransformer:

enf_firewall.ex - *terraform.NodeAbstractResource
provider.enf - *terraform.NodeApplyableProvider
2019/04/15 16:31:03 [DEBUG] resource enf_firewall.ex using provider provider.enf
2019/04/15 16:31:03 [TRACE] Graph after step *terraform.ProviderTransformer:

enf_firewall.ex - *terraform.NodeAbstractResource
  provider.enf - *terraform.NodeApplyableProvider
provider.enf - *terraform.NodeApplyableProvider
2019/04/15 16:31:03 [TRACE] Graph after step *terraform.PruneProviderTransformer:

enf_firewall.ex - *terraform.NodeAbstractResource
  provider.enf - *terraform.NodeApplyableProvider
provider.enf - *terraform.NodeApplyableProvider
2019/04/15 16:31:03 [TRACE] Graph after step *terraform.ParentProviderTransformer:

enf_firewall.ex - *terraform.NodeAbstractResource
  provider.enf - *terraform.NodeApplyableProvider
provider.enf - *terraform.NodeApplyableProvider
2019/04/15 16:31:03 [TRACE] Graph after step *terraform.graphTransformerMulti:

enf_firewall.ex - *terraform.NodeAbstractResource
  provider.enf - *terraform.NodeApplyableProvider
provider.enf - *terraform.NodeApplyableProvider
2019/04/15 16:31:03 [TRACE] Graph after step *terraform.ModuleVariableTransformer:

enf_firewall.ex - *terraform.NodeAbstractResource
  provider.enf - *terraform.NodeApplyableProvider
provider.enf - *terraform.NodeApplyableProvider
2019/04/15 16:31:03 [TRACE] Graph after step *terraform.RemovedModuleTransformer:

enf_firewall.ex - *terraform.NodeAbstractResource
  provider.enf - *terraform.NodeApplyableProvider
provider.enf - *terraform.NodeApplyableProvider
2019/04/15 16:31:03 [DEBUG] ReferenceTransformer: "provider.enf" references: []
2019/04/15 16:31:03 [DEBUG] ReferenceTransformer: "enf_firewall.ex" references: []
2019/04/15 16:31:03 [TRACE] Graph after step *terraform.ReferenceTransformer:

enf_firewall.ex - *terraform.NodeAbstractResource
  provider.enf - *terraform.NodeApplyableProvider
provider.enf - *terraform.NodeApplyableProvider
2019/04/15 16:31:03 [TRACE] Graph after step *terraform.CountBoundaryTransformer:

enf_firewall.ex - *terraform.NodeAbstractResource
  provider.enf - *terraform.NodeApplyableProvider
meta.count-boundary (count boundary fixup) - *terraform.NodeCountBoundary
  enf_firewall.ex - *terraform.NodeAbstractResource
  provider.enf - *terraform.NodeApplyableProvider
provider.enf - *terraform.NodeApplyableProvider
2019/04/15 16:31:03 [TRACE] Graph after step *terraform.TargetsTransformer:

enf_firewall.ex - *terraform.NodeAbstractResource
  provider.enf - *terraform.NodeApplyableProvider
meta.count-boundary (count boundary fixup) - *terraform.NodeCountBoundary
  enf_firewall.ex - *terraform.NodeAbstractResource
  provider.enf - *terraform.NodeApplyableProvider
provider.enf - *terraform.NodeApplyableProvider
2019/04/15 16:31:03 [TRACE] Graph after step *terraform.CloseProviderTransformer:

enf_firewall.ex - *terraform.NodeAbstractResource
  provider.enf - *terraform.NodeApplyableProvider
meta.count-boundary (count boundary fixup) - *terraform.NodeCountBoundary
  enf_firewall.ex - *terraform.NodeAbstractResource
  provider.enf - *terraform.NodeApplyableProvider
provider.enf - *terraform.NodeApplyableProvider
provider.enf (close) - *terraform.graphNodeCloseProvider
  enf_firewall.ex - *terraform.NodeAbstractResource
  provider.enf - *terraform.NodeApplyableProvider
2019/04/15 16:31:03 [TRACE] Graph after step *terraform.CloseProvisionerTransformer:

enf_firewall.ex - *terraform.NodeAbstractResource
  provider.enf - *terraform.NodeApplyableProvider
meta.count-boundary (count boundary fixup) - *terraform.NodeCountBoundary
  enf_firewall.ex - *terraform.NodeAbstractResource
  provider.enf - *terraform.NodeApplyableProvider
provider.enf - *terraform.NodeApplyableProvider
provider.enf (close) - *terraform.graphNodeCloseProvider
  enf_firewall.ex - *terraform.NodeAbstractResource
  provider.enf - *terraform.NodeApplyableProvider
2019/04/15 16:31:03 [TRACE] Graph after step *terraform.RootTransformer:

enf_firewall.ex - *terraform.NodeAbstractResource
  provider.enf - *terraform.NodeApplyableProvider
meta.count-boundary (count boundary fixup) - *terraform.NodeCountBoundary
  enf_firewall.ex - *terraform.NodeAbstractResource
  provider.enf - *terraform.NodeApplyableProvider
provider.enf - *terraform.NodeApplyableProvider
provider.enf (close) - *terraform.graphNodeCloseProvider
  enf_firewall.ex - *terraform.NodeAbstractResource
  provider.enf - *terraform.NodeApplyableProvider
root - terraform.graphNodeRoot
  meta.count-boundary (count boundary fixup) - *terraform.NodeCountBoundary
  provider.enf (close) - *terraform.graphNodeCloseProvider
2019/04/15 16:31:03 [TRACE] Graph after step *terraform.TransitiveReductionTransformer:

enf_firewall.ex - *terraform.NodeAbstractResource
  provider.enf - *terraform.NodeApplyableProvider
meta.count-boundary (count boundary fixup) - *terraform.NodeCountBoundary
  enf_firewall.ex - *terraform.NodeAbstractResource
provider.enf - *terraform.NodeApplyableProvider
provider.enf (close) - *terraform.graphNodeCloseProvider
  enf_firewall.ex - *terraform.NodeAbstractResource
root - terraform.graphNodeRoot
  meta.count-boundary (count boundary fixup) - *terraform.NodeCountBoundary
  provider.enf (close) - *terraform.graphNodeCloseProvider
2019/04/15 16:31:03 [DEBUG] Starting graph walk: walkInput
2019/04/15 16:31:03 [TRACE] dag/walk: added new vertex: "provider.enf"
2019/04/15 16:31:03 [TRACE] dag/walk: added new vertex: "meta.count-boundary (count boundary fixup)"
2019/04/15 16:31:03 [TRACE] dag/walk: added new vertex: "provider.enf (close)"
2019/04/15 16:31:03 [TRACE] dag/walk: added new vertex: "root"
2019/04/15 16:31:03 [TRACE] dag/walk: added new vertex: "enf_firewall.ex"
2019/04/15 16:31:03 [TRACE] dag/walk: added edge: "root" waiting on "meta.count-boundary (count boundary fixup)"
2019/04/15 16:31:03 [TRACE] dag/walk: added edge: "enf_firewall.ex" waiting on "provider.enf"
2019/04/15 16:31:03 [TRACE] dag/walk: added edge: "meta.count-boundary (count boundary fixup)" waiting on "enf_firewall.ex"
2019/04/15 16:31:03 [TRACE] dag/walk: added edge: "provider.enf (close)" waiting on "enf_firewall.ex"
2019/04/15 16:31:03 [TRACE] dag/walk: added edge: "root" waiting on "provider.enf (close)"
2019/04/15 16:31:03 [TRACE] dag/walk: dependencies changed for "root", sending new deps
2019/04/15 16:31:03 [TRACE] dag/walk: dependencies changed for "enf_firewall.ex", sending new deps
2019/04/15 16:31:03 [TRACE] dag/walk: dependencies changed for "meta.count-boundary (count boundary fixup)", sending new deps
2019/04/15 16:31:03 [TRACE] dag/walk: dependencies changed for "provider.enf (close)", sending new deps
2019/04/15 16:31:03 [TRACE] dag/walk: walking "provider.enf"
2019/04/15 16:31:03 [TRACE] vertex 'root.provider.enf': walking
2019/04/15 16:31:03 [TRACE] vertex 'root.provider.enf': evaluating
2019/04/15 16:31:03 [TRACE] [walkInput] Entering eval tree: provider.enf
2019/04/15 16:31:03 [TRACE] root: eval: *terraform.EvalSequence
2019/04/15 16:31:03 [TRACE] root: eval: *terraform.EvalInitProvider
2019-04-15T16:31:03.141-0500 [DEBUG] plugin: starting plugin: path=/Users/vinayshanbhag/Desktop/terraform-provider-xaptum/terraform-provider-enf args=[/Users/vinayshanbhag/Desktop/terraform-provider-xaptum/terraform-provider-enf]
2019-04-15T16:31:03.145-0500 [DEBUG] plugin: waiting for RPC address: path=/Users/vinayshanbhag/Desktop/terraform-provider-xaptum/terraform-provider-enf
2019-04-15T16:31:03.614-0500 [DEBUG] plugin.terraform-provider-enf: plugin address: timestamp=2019-04-15T16:31:03.614-0500 address=/var/folders/7y/0y93mvln00n0rmnyb3h2927r0000gn/T/plugin484916428 network=unix
2019/04/15 16:31:03 [TRACE] root: eval: *terraform.EvalOpFilter
2019/04/15 16:31:03 [TRACE] root: eval: *terraform.EvalSequence
2019/04/15 16:31:03 [TRACE] root: eval: *terraform.EvalGetProvider
2019/04/15 16:31:03 [TRACE] root: eval: *terraform.EvalInterpolateProvider
2019/04/15 16:31:03 [TRACE] root: eval: *terraform.EvalBuildProviderConfig
2019/04/15 16:31:03 [TRACE] root: eval: *terraform.EvalInputProvider
2019/04/15 16:31:03 [TRACE] root: eval: terraform.EvalNoop
2019/04/15 16:31:03 [TRACE] root: eval: terraform.EvalNoop
2019/04/15 16:31:03 [TRACE] root: eval: terraform.EvalNoop
2019/04/15 16:31:03 [TRACE] [walkInput] Exiting eval tree: provider.enf
2019/04/15 16:31:03 [TRACE] dag/walk: walking "enf_firewall.ex"
2019/04/15 16:31:03 [TRACE] vertex 'root.enf_firewall.ex': walking
2019/04/15 16:31:03 [TRACE] dag/walk: walking "meta.count-boundary (count boundary fixup)"
2019/04/15 16:31:03 [TRACE] vertex 'root.meta.count-boundary (count boundary fixup)': walking
2019/04/15 16:31:03 [TRACE] vertex 'root.meta.count-boundary (count boundary fixup)': evaluating
2019/04/15 16:31:03 [TRACE] dag/walk: walking "provider.enf (close)"
2019/04/15 16:31:03 [TRACE] vertex 'root.provider.enf (close)': walking
2019/04/15 16:31:03 [TRACE] [walkInput] Entering eval tree: meta.count-boundary (count boundary fixup)
2019/04/15 16:31:03 [TRACE] root: eval: *terraform.EvalCountFixZeroOneBoundaryGlobal
2019/04/15 16:31:03 [TRACE] [walkInput] Exiting eval tree: meta.count-boundary (count boundary fixup)
2019/04/15 16:31:03 [TRACE] vertex 'root.provider.enf (close)': evaluating
2019/04/15 16:31:03 [TRACE] [walkInput] Entering eval tree: provider.enf (close)
2019/04/15 16:31:03 [TRACE] root: eval: *terraform.EvalCloseProvider
2019/04/15 16:31:03 [TRACE] [walkInput] Exiting eval tree: provider.enf (close)
2019/04/15 16:31:03 [TRACE] dag/walk: walking "root"
2019/04/15 16:31:03 [TRACE] vertex 'root.root': walking
2019/04/15 16:31:03 [INFO] terraform: building graph: GraphTypeValidate
2019/04/15 16:31:03 [TRACE] ConfigTransformer: Starting for path: []
2019/04/15 16:31:03 [TRACE] Graph after step *terraform.ConfigTransformer:

enf_firewall.ex - *terraform.NodeValidatableResource
2019/04/15 16:31:03 [TRACE] Graph after step *terraform.LocalTransformer:

enf_firewall.ex - *terraform.NodeValidatableResource
2019/04/15 16:31:03 [TRACE] Graph after step *terraform.OutputTransformer:

enf_firewall.ex - *terraform.NodeValidatableResource
2019/04/15 16:31:03 [TRACE] Graph after step *terraform.OrphanResourceTransformer:

enf_firewall.ex - *terraform.NodeValidatableResource
2019/04/15 16:31:03 [TRACE] Graph after step *terraform.OrphanOutputTransformer:

enf_firewall.ex - *terraform.NodeValidatableResource
2019/04/15 16:31:03 [TRACE] AttachResourceConfigTransformer: Beginning...
2019/04/15 16:31:03 [TRACE] AttachResourceConfigTransformer: Attach resource config request: enf_firewall.ex
2019/04/15 16:31:03 [TRACE] Attaching resource config: &config.Resource{Mode:0, Name:"ex", Type:"enf_firewall", RawCount:(*config.RawConfig)(0xc000408620), RawConfig:(*config.RawConfig)(0xc0004085b0), Provisioners:[]*config.Provisioner(nil), Provider:"", DependsOn:[]string(nil), Lifecycle:config.ResourceLifecycle{CreateBeforeDestroy:false, PreventDestroy:false, IgnoreChanges:[]string(nil)}}
2019/04/15 16:31:03 [TRACE] Graph after step *terraform.AttachResourceConfigTransformer:

enf_firewall.ex - *terraform.NodeValidatableResource
2019/04/15 16:31:03 [DEBUG] Resource state not found for "enf_firewall.ex": enf_firewall.ex
2019/04/15 16:31:03 [TRACE] Graph after step *terraform.AttachStateTransformer:

enf_firewall.ex - *terraform.NodeValidatableResource
2019/04/15 16:31:03 [TRACE] Graph after step *terraform.RootVariableTransformer:

enf_firewall.ex - *terraform.NodeValidatableResource
2019/04/15 16:31:03 [TRACE] ProviderConfigTransformer: Starting for path: []
2019/04/15 16:31:03 [TRACE] Attach provider request: []string{} enf
2019/04/15 16:31:03 [TRACE] Attaching provider config: *config.ProviderConfig{Name:"enf", Alias:"", Version:"", RawConfig:(*config.RawConfig)(0xc000408540)}
2019/04/15 16:31:03 [TRACE] Graph after step *terraform.ProviderConfigTransformer:

enf_firewall.ex - *terraform.NodeValidatableResource
provider.enf - *terraform.NodeApplyableProvider
2019/04/15 16:31:03 [TRACE] Graph after step *terraform.MissingProviderTransformer:

enf_firewall.ex - *terraform.NodeValidatableResource
provider.enf - *terraform.NodeApplyableProvider
2019/04/15 16:31:03 [DEBUG] resource enf_firewall.ex using provider provider.enf
2019/04/15 16:31:03 [TRACE] Graph after step *terraform.ProviderTransformer:

enf_firewall.ex - *terraform.NodeValidatableResource
  provider.enf - *terraform.NodeApplyableProvider
provider.enf - *terraform.NodeApplyableProvider
2019/04/15 16:31:03 [TRACE] Graph after step *terraform.PruneProviderTransformer:

enf_firewall.ex - *terraform.NodeValidatableResource
  provider.enf - *terraform.NodeApplyableProvider
provider.enf - *terraform.NodeApplyableProvider
2019/04/15 16:31:03 [TRACE] Graph after step *terraform.ParentProviderTransformer:

enf_firewall.ex - *terraform.NodeValidatableResource
  provider.enf - *terraform.NodeApplyableProvider
provider.enf - *terraform.NodeApplyableProvider
2019/04/15 16:31:03 [TRACE] Graph after step *terraform.graphTransformerMulti:

enf_firewall.ex - *terraform.NodeValidatableResource
  provider.enf - *terraform.NodeApplyableProvider
provider.enf - *terraform.NodeApplyableProvider
2019/04/15 16:31:03 [TRACE] Graph after step *terraform.MissingProvisionerTransformer:

enf_firewall.ex - *terraform.NodeValidatableResource
  provider.enf - *terraform.NodeApplyableProvider
provider.enf - *terraform.NodeApplyableProvider
2019/04/15 16:31:03 [TRACE] Graph after step *terraform.ProvisionerTransformer:

enf_firewall.ex - *terraform.NodeValidatableResource
  provider.enf - *terraform.NodeApplyableProvider
provider.enf - *terraform.NodeApplyableProvider
2019/04/15 16:31:03 [TRACE] Graph after step *terraform.graphTransformerMulti:

enf_firewall.ex - *terraform.NodeValidatableResource
  provider.enf - *terraform.NodeApplyableProvider
provider.enf - *terraform.NodeApplyableProvider
2019/04/15 16:31:03 [TRACE] Graph after step *terraform.ModuleVariableTransformer:

enf_firewall.ex - *terraform.NodeValidatableResource
  provider.enf - *terraform.NodeApplyableProvider
provider.enf - *terraform.NodeApplyableProvider
2019/04/15 16:31:03 [TRACE] Graph after step *terraform.RemovedModuleTransformer:

enf_firewall.ex - *terraform.NodeValidatableResource
  provider.enf - *terraform.NodeApplyableProvider
provider.enf - *terraform.NodeApplyableProvider
2019/04/15 16:31:03 [DEBUG] ReferenceTransformer: "enf_firewall.ex" references: []
2019/04/15 16:31:03 [DEBUG] ReferenceTransformer: "provider.enf" references: []
2019/04/15 16:31:03 [TRACE] Graph after step *terraform.ReferenceTransformer:

enf_firewall.ex - *terraform.NodeValidatableResource
  provider.enf - *terraform.NodeApplyableProvider
provider.enf - *terraform.NodeApplyableProvider
2019/04/15 16:31:03 [TRACE] Graph after step *terraform.CountBoundaryTransformer:

enf_firewall.ex - *terraform.NodeValidatableResource
  provider.enf - *terraform.NodeApplyableProvider
meta.count-boundary (count boundary fixup) - *terraform.NodeCountBoundary
  enf_firewall.ex - *terraform.NodeValidatableResource
  provider.enf - *terraform.NodeApplyableProvider
provider.enf - *terraform.NodeApplyableProvider
2019/04/15 16:31:03 [TRACE] Graph after step *terraform.TargetsTransformer:

enf_firewall.ex - *terraform.NodeValidatableResource
  provider.enf - *terraform.NodeApplyableProvider
meta.count-boundary (count boundary fixup) - *terraform.NodeCountBoundary
  enf_firewall.ex - *terraform.NodeValidatableResource
  provider.enf - *terraform.NodeApplyableProvider
provider.enf - *terraform.NodeApplyableProvider
2019/04/15 16:31:03 [TRACE] Graph after step *terraform.CloseProviderTransformer:

enf_firewall.ex - *terraform.NodeValidatableResource
  provider.enf - *terraform.NodeApplyableProvider
meta.count-boundary (count boundary fixup) - *terraform.NodeCountBoundary
  enf_firewall.ex - *terraform.NodeValidatableResource
  provider.enf - *terraform.NodeApplyableProvider
provider.enf - *terraform.NodeApplyableProvider
provider.enf (close) - *terraform.graphNodeCloseProvider
  enf_firewall.ex - *terraform.NodeValidatableResource
  provider.enf - *terraform.NodeApplyableProvider
2019/04/15 16:31:03 [TRACE] Graph after step *terraform.CloseProvisionerTransformer:

enf_firewall.ex - *terraform.NodeValidatableResource
  provider.enf - *terraform.NodeApplyableProvider
meta.count-boundary (count boundary fixup) - *terraform.NodeCountBoundary
  enf_firewall.ex - *terraform.NodeValidatableResource
  provider.enf - *terraform.NodeApplyableProvider
provider.enf - *terraform.NodeApplyableProvider
provider.enf (close) - *terraform.graphNodeCloseProvider
  enf_firewall.ex - *terraform.NodeValidatableResource
  provider.enf - *terraform.NodeApplyableProvider
2019/04/15 16:31:03 [TRACE] Graph after step *terraform.RootTransformer:

enf_firewall.ex - *terraform.NodeValidatableResource
  provider.enf - *terraform.NodeApplyableProvider
meta.count-boundary (count boundary fixup) - *terraform.NodeCountBoundary
  enf_firewall.ex - *terraform.NodeValidatableResource
  provider.enf - *terraform.NodeApplyableProvider
provider.enf - *terraform.NodeApplyableProvider
provider.enf (close) - *terraform.graphNodeCloseProvider
  enf_firewall.ex - *terraform.NodeValidatableResource
  provider.enf - *terraform.NodeApplyableProvider
root - terraform.graphNodeRoot
  meta.count-boundary (count boundary fixup) - *terraform.NodeCountBoundary
  provider.enf (close) - *terraform.graphNodeCloseProvider
2019/04/15 16:31:03 [TRACE] Graph after step *terraform.TransitiveReductionTransformer:

enf_firewall.ex - *terraform.NodeValidatableResource
  provider.enf - *terraform.NodeApplyableProvider
meta.count-boundary (count boundary fixup) - *terraform.NodeCountBoundary
  enf_firewall.ex - *terraform.NodeValidatableResource
provider.enf - *terraform.NodeApplyableProvider
provider.enf (close) - *terraform.graphNodeCloseProvider
  enf_firewall.ex - *terraform.NodeValidatableResource
root - terraform.graphNodeRoot
  meta.count-boundary (count boundary fixup) - *terraform.NodeCountBoundary
  provider.enf (close) - *terraform.graphNodeCloseProvider
2019/04/15 16:31:03 [DEBUG] Starting graph walk: walkValidate
2019/04/15 16:31:03 [TRACE] dag/walk: added new vertex: "enf_firewall.ex"
2019/04/15 16:31:03 [TRACE] dag/walk: added new vertex: "provider.enf"
2019/04/15 16:31:03 [TRACE] dag/walk: added new vertex: "meta.count-boundary (count boundary fixup)"
2019/04/15 16:31:03 [TRACE] dag/walk: added new vertex: "provider.enf (close)"
2019/04/15 16:31:03 [TRACE] dag/walk: added new vertex: "root"
2019/04/15 16:31:03 [TRACE] dag/walk: added edge: "meta.count-boundary (count boundary fixup)" waiting on "enf_firewall.ex"
2019/04/15 16:31:03 [TRACE] dag/walk: added edge: "provider.enf (close)" waiting on "enf_firewall.ex"
2019/04/15 16:31:03 [TRACE] dag/walk: added edge: "root" waiting on "meta.count-boundary (count boundary fixup)"
2019/04/15 16:31:03 [TRACE] dag/walk: added edge: "root" waiting on "provider.enf (close)"
2019/04/15 16:31:03 [TRACE] dag/walk: added edge: "enf_firewall.ex" waiting on "provider.enf"
2019/04/15 16:31:03 [TRACE] dag/walk: dependencies changed for "meta.count-boundary (count boundary fixup)", sending new deps
2019/04/15 16:31:03 [TRACE] dag/walk: dependencies changed for "provider.enf (close)", sending new deps
2019/04/15 16:31:03 [TRACE] dag/walk: dependencies changed for "root", sending new deps
2019/04/15 16:31:03 [TRACE] dag/walk: dependencies changed for "enf_firewall.ex", sending new deps
2019/04/15 16:31:03 [TRACE] dag/walk: walking "provider.enf"
2019/04/15 16:31:03 [TRACE] vertex 'root.provider.enf': walking
2019/04/15 16:31:03 [TRACE] vertex 'root.provider.enf': evaluating
2019/04/15 16:31:03 [TRACE] [walkValidate] Entering eval tree: provider.enf
2019/04/15 16:31:03 [TRACE] root: eval: *terraform.EvalSequence
2019/04/15 16:31:03 [TRACE] root: eval: *terraform.EvalInitProvider
2019/04/15 16:31:03 [TRACE] root: eval: terraform.EvalNoop
2019/04/15 16:31:03 [TRACE] root: eval: *terraform.EvalOpFilter
2019/04/15 16:31:03 [TRACE] root: eval: *terraform.EvalSequence
2019/04/15 16:31:03 [TRACE] root: eval: *terraform.EvalGetProvider
2019/04/15 16:31:03 [TRACE] root: eval: *terraform.EvalInterpolateProvider
2019/04/15 16:31:03 [TRACE] root: eval: *terraform.EvalBuildProviderConfig
2019/04/15 16:31:03 [TRACE] root: eval: *terraform.EvalValidateProvider
2019/04/15 16:31:03 [TRACE] root: eval: terraform.EvalNoop
2019/04/15 16:31:03 [TRACE] root: eval: terraform.EvalNoop
2019/04/15 16:31:03 [TRACE] [walkValidate] Exiting eval tree: provider.enf
2019/04/15 16:31:03 [TRACE] dag/walk: walking "enf_firewall.ex"
2019/04/15 16:31:03 [TRACE] vertex 'root.enf_firewall.ex': walking
2019/04/15 16:31:03 [TRACE] vertex 'root.enf_firewall.ex': evaluating
2019/04/15 16:31:03 [TRACE] [walkValidate] Entering eval tree: enf_firewall.ex
2019/04/15 16:31:03 [TRACE] root: eval: *terraform.EvalSequence
2019/04/15 16:31:03 [TRACE] root: eval: *terraform.EvalInterpolate
2019/04/15 16:31:03 [TRACE] root: eval: *terraform.EvalIf
2019/04/15 16:31:03 [TRACE] root: eval: *terraform.EvalValidateCount
2019/04/15 16:31:03 [TRACE] root: eval: *terraform.EvalCountFixZeroOneBoundary
2019/04/15 16:31:03 [TRACE] [walkValidate] Exiting eval tree: enf_firewall.ex
2019/04/15 16:31:03 [TRACE] vertex 'root.enf_firewall.ex': expanding/walking dynamic subgraph
2019/04/15 16:31:03 [TRACE] Graph after step *terraform.ResourceCountTransformer:

enf_firewall.ex - *terraform.NodeValidatableResourceInstance
2019/04/15 16:31:03 [DEBUG] Resource state not found for "enf_firewall.ex": enf_firewall.ex
2019/04/15 16:31:03 [TRACE] Graph after step *terraform.AttachStateTransformer:

enf_firewall.ex - *terraform.NodeValidatableResourceInstance
2019/04/15 16:31:03 [TRACE] Graph after step *terraform.TargetsTransformer:

enf_firewall.ex - *terraform.NodeValidatableResourceInstance
2019/04/15 16:31:03 [DEBUG] ReferenceTransformer: "enf_firewall.ex" references: []
2019/04/15 16:31:03 [TRACE] Graph after step *terraform.ReferenceTransformer:

enf_firewall.ex - *terraform.NodeValidatableResourceInstance
2019/04/15 16:31:03 [TRACE] Graph after step *terraform.RootTransformer:

enf_firewall.ex - *terraform.NodeValidatableResourceInstance
2019/04/15 16:31:03 [TRACE] dag/walk: added new vertex: "enf_firewall.ex"
2019/04/15 16:31:03 [TRACE] dag/walk: walking "enf_firewall.ex"
2019/04/15 16:31:03 [TRACE] vertex 'root.enf_firewall.ex': walking
2019/04/15 16:31:03 [TRACE] vertex 'root.enf_firewall.ex': evaluating
2019/04/15 16:31:03 [TRACE] [walkValidate] Entering eval tree: enf_firewall.ex
2019/04/15 16:31:03 [TRACE] root: eval: *terraform.EvalSequence
2019/04/15 16:31:03 [TRACE] root: eval: *terraform.EvalValidateResourceSelfRef
2019/04/15 16:31:03 [TRACE] root: eval: *terraform.EvalGetProvider
2019/04/15 16:31:03 [TRACE] root: eval: *terraform.EvalInterpolate
2019/04/15 16:31:03 [TRACE] root: eval: *terraform.EvalValidateResource
2019/04/15 16:31:03 [TRACE] [walkValidate] Exiting eval tree: enf_firewall.ex
2019/04/15 16:31:03 [TRACE] dag/walk: walking "meta.count-boundary (count boundary fixup)"
2019/04/15 16:31:03 [TRACE] vertex 'root.meta.count-boundary (count boundary fixup)': walking
2019/04/15 16:31:03 [TRACE] vertex 'root.meta.count-boundary (count boundary fixup)': evaluating
2019/04/15 16:31:03 [TRACE] [walkValidate] Entering eval tree: meta.count-boundary (count boundary fixup)
2019/04/15 16:31:03 [TRACE] root: eval: *terraform.EvalCountFixZeroOneBoundaryGlobal
2019/04/15 16:31:03 [TRACE] [walkValidate] Exiting eval tree: meta.count-boundary (count boundary fixup)
2019/04/15 16:31:03 [TRACE] dag/walk: walking "provider.enf (close)"
2019/04/15 16:31:03 [TRACE] vertex 'root.provider.enf (close)': walking
2019/04/15 16:31:03 [TRACE] vertex 'root.provider.enf (close)': evaluating
2019/04/15 16:31:03 [TRACE] [walkValidate] Entering eval tree: provider.enf (close)
2019/04/15 16:31:03 [TRACE] root: eval: *terraform.EvalCloseProvider
2019/04/15 16:31:03 [TRACE] [walkValidate] Exiting eval tree: provider.enf (close)
2019/04/15 16:31:03 [TRACE] dag/walk: walking "root"
2019/04/15 16:31:03 [TRACE] vertex 'root.root': walking
2019/04/15 16:31:03 [INFO] backend/local: plan calling Refresh
2019/04/15 16:31:03 [INFO] terraform: building graph: GraphTypeRefresh
2019/04/15 16:31:03 [TRACE] No managed resources in state during refresh, skipping managed resource transformer
2019/04/15 16:31:03 [TRACE] ConfigTransformer: Starting for path: []
2019/04/15 16:31:03 [TRACE] Graph after step *terraform.ConfigTransformer:

2019/04/15 16:31:03 [TRACE] Graph after step *terraform.OrphanResourceTransformer:

2019/04/15 16:31:03 [TRACE] Graph after step *terraform.AttachStateTransformer:

2019/04/15 16:31:03 [TRACE] AttachResourceConfigTransformer: Beginning...
2019/04/15 16:31:03 [TRACE] Graph after step *terraform.AttachResourceConfigTransformer:

2019/04/15 16:31:03 [TRACE] Graph after step *terraform.RootVariableTransformer:

2019/04/15 16:31:03 [TRACE] ProviderConfigTransformer: Starting for path: []
2019/04/15 16:31:03 [TRACE] Attach provider request: []string{} enf
2019/04/15 16:31:03 [TRACE] Attaching provider config: *config.ProviderConfig{Name:"enf", Alias:"", Version:"", RawConfig:(*config.RawConfig)(0xc000408540)}
2019/04/15 16:31:03 [TRACE] Graph after step *terraform.ProviderConfigTransformer:

provider.enf - *terraform.NodeApplyableProvider
2019/04/15 16:31:03 [TRACE] Graph after step *terraform.MissingProviderTransformer:

provider.enf - *terraform.NodeApplyableProvider
2019/04/15 16:31:03 [TRACE] Graph after step *terraform.ProviderTransformer:

provider.enf - *terraform.NodeApplyableProvider
2019/04/15 16:31:03 [DEBUG] pruning unused provider provider.enf
2019/04/15 16:31:03 [TRACE] Graph after step *terraform.PruneProviderTransformer:

2019/04/15 16:31:03 [TRACE] Graph after step *terraform.ParentProviderTransformer:

2019/04/15 16:31:03 [TRACE] Graph after step *terraform.graphTransformerMulti:

2019/04/15 16:31:03 [TRACE] Graph after step *terraform.LocalTransformer:

2019/04/15 16:31:03 [TRACE] Graph after step *terraform.OutputTransformer:

2019/04/15 16:31:03 [TRACE] Graph after step *terraform.ModuleVariableTransformer:

2019/04/15 16:31:03 [TRACE] Graph after step *terraform.ReferenceTransformer:

2019/04/15 16:31:03 [TRACE] Graph after step *terraform.TargetsTransformer:

2019/04/15 16:31:03 [TRACE] Graph after step *terraform.CloseProviderTransformer:

2019/04/15 16:31:03 [TRACE] Graph after step *terraform.RootTransformer:

root - terraform.graphNodeRoot
2019/04/15 16:31:03 [TRACE] Graph after step *terraform.TransitiveReductionTransformer:

root - terraform.graphNodeRoot
2019/04/15 16:31:03 [DEBUG] Starting graph walk: walkRefresh
2019/04/15 16:31:03 [TRACE] dag/walk: added new vertex: "root"
2019/04/15 16:31:03 [TRACE] dag/walk: walking "root"
2019/04/15 16:31:03 [TRACE] vertex 'root.root': walking
2019/04/15 16:31:03 [INFO] backend/local: plan calling Plan
2019/04/15 16:31:03 [INFO] terraform: building graph: GraphTypePlan
2019/04/15 16:31:03 [TRACE] ConfigTransformer: Starting for path: []
2019/04/15 16:31:03 [TRACE] Graph after step *terraform.ConfigTransformer:

enf_firewall.ex - *terraform.NodePlannableResource
2019/04/15 16:31:03 [TRACE] Graph after step *terraform.LocalTransformer:

enf_firewall.ex - *terraform.NodePlannableResource
2019/04/15 16:31:03 [TRACE] Graph after step *terraform.OutputTransformer:

enf_firewall.ex - *terraform.NodePlannableResource
2019/04/15 16:31:03 [TRACE] Graph after step *terraform.OrphanResourceTransformer:

enf_firewall.ex - *terraform.NodePlannableResource
2019/04/15 16:31:03 [TRACE] Graph after step *terraform.OrphanOutputTransformer:

enf_firewall.ex - *terraform.NodePlannableResource
2019/04/15 16:31:03 [TRACE] AttachResourceConfigTransformer: Beginning...
2019/04/15 16:31:03 [TRACE] AttachResourceConfigTransformer: Attach resource config request: enf_firewall.ex
2019/04/15 16:31:03 [TRACE] Attaching resource config: &config.Resource{Mode:0, Name:"ex", Type:"enf_firewall", RawCount:(*config.RawConfig)(0xc000408620), RawConfig:(*config.RawConfig)(0xc0004085b0), Provisioners:[]*config.Provisioner(nil), Provider:"", DependsOn:[]string(nil), Lifecycle:config.ResourceLifecycle{CreateBeforeDestroy:false, PreventDestroy:false, IgnoreChanges:[]string(nil)}}
2019/04/15 16:31:03 [TRACE] Graph after step *terraform.AttachResourceConfigTransformer:

enf_firewall.ex - *terraform.NodePlannableResource
2019/04/15 16:31:03 [DEBUG] Resource state not found for "enf_firewall.ex": enf_firewall.ex
2019/04/15 16:31:03 [TRACE] Graph after step *terraform.AttachStateTransformer:

enf_firewall.ex - *terraform.NodePlannableResource
2019/04/15 16:31:03 [TRACE] Graph after step *terraform.RootVariableTransformer:

enf_firewall.ex - *terraform.NodePlannableResource
2019/04/15 16:31:03 [TRACE] ProviderConfigTransformer: Starting for path: []
2019/04/15 16:31:03 [TRACE] Attach provider request: []string{} enf
2019/04/15 16:31:03 [TRACE] Attaching provider config: *config.ProviderConfig{Name:"enf", Alias:"", Version:"", RawConfig:(*config.RawConfig)(0xc000408540)}
2019/04/15 16:31:03 [TRACE] Graph after step *terraform.ProviderConfigTransformer:

enf_firewall.ex - *terraform.NodePlannableResource
provider.enf - *terraform.NodeApplyableProvider
2019/04/15 16:31:03 [TRACE] Graph after step *terraform.MissingProviderTransformer:

enf_firewall.ex - *terraform.NodePlannableResource
provider.enf - *terraform.NodeApplyableProvider
2019/04/15 16:31:03 [DEBUG] resource enf_firewall.ex using provider provider.enf
2019/04/15 16:31:03 [TRACE] Graph after step *terraform.ProviderTransformer:

enf_firewall.ex - *terraform.NodePlannableResource
  provider.enf - *terraform.NodeApplyableProvider
provider.enf - *terraform.NodeApplyableProvider
2019/04/15 16:31:03 [TRACE] Graph after step *terraform.PruneProviderTransformer:

enf_firewall.ex - *terraform.NodePlannableResource
  provider.enf - *terraform.NodeApplyableProvider
provider.enf - *terraform.NodeApplyableProvider
2019/04/15 16:31:03 [TRACE] Graph after step *terraform.ParentProviderTransformer:

enf_firewall.ex - *terraform.NodePlannableResource
  provider.enf - *terraform.NodeApplyableProvider
provider.enf - *terraform.NodeApplyableProvider
2019/04/15 16:31:03 [TRACE] Graph after step *terraform.graphTransformerMulti:

enf_firewall.ex - *terraform.NodePlannableResource
  provider.enf - *terraform.NodeApplyableProvider
provider.enf - *terraform.NodeApplyableProvider
2019/04/15 16:31:03 [TRACE] Graph after step *terraform.ModuleVariableTransformer:

enf_firewall.ex - *terraform.NodePlannableResource
  provider.enf - *terraform.NodeApplyableProvider
provider.enf - *terraform.NodeApplyableProvider
2019/04/15 16:31:03 [TRACE] Graph after step *terraform.RemovedModuleTransformer:

enf_firewall.ex - *terraform.NodePlannableResource
  provider.enf - *terraform.NodeApplyableProvider
provider.enf - *terraform.NodeApplyableProvider
2019/04/15 16:31:03 [DEBUG] ReferenceTransformer: "enf_firewall.ex" references: []
2019/04/15 16:31:03 [DEBUG] ReferenceTransformer: "provider.enf" references: []
2019/04/15 16:31:03 [TRACE] Graph after step *terraform.ReferenceTransformer:

enf_firewall.ex - *terraform.NodePlannableResource
  provider.enf - *terraform.NodeApplyableProvider
provider.enf - *terraform.NodeApplyableProvider
2019/04/15 16:31:03 [TRACE] Graph after step *terraform.CountBoundaryTransformer:

enf_firewall.ex - *terraform.NodePlannableResource
  provider.enf - *terraform.NodeApplyableProvider
meta.count-boundary (count boundary fixup) - *terraform.NodeCountBoundary
  enf_firewall.ex - *terraform.NodePlannableResource
  provider.enf - *terraform.NodeApplyableProvider
provider.enf - *terraform.NodeApplyableProvider
2019/04/15 16:31:03 [TRACE] Graph after step *terraform.TargetsTransformer:

enf_firewall.ex - *terraform.NodePlannableResource
  provider.enf - *terraform.NodeApplyableProvider
meta.count-boundary (count boundary fixup) - *terraform.NodeCountBoundary
  enf_firewall.ex - *terraform.NodePlannableResource
  provider.enf - *terraform.NodeApplyableProvider
provider.enf - *terraform.NodeApplyableProvider
2019/04/15 16:31:03 [TRACE] Graph after step *terraform.CloseProviderTransformer:

enf_firewall.ex - *terraform.NodePlannableResource
  provider.enf - *terraform.NodeApplyableProvider
meta.count-boundary (count boundary fixup) - *terraform.NodeCountBoundary
  enf_firewall.ex - *terraform.NodePlannableResource
  provider.enf - *terraform.NodeApplyableProvider
provider.enf - *terraform.NodeApplyableProvider
provider.enf (close) - *terraform.graphNodeCloseProvider
  enf_firewall.ex - *terraform.NodePlannableResource
  provider.enf - *terraform.NodeApplyableProvider
2019/04/15 16:31:03 [TRACE] Graph after step *terraform.CloseProvisionerTransformer:

enf_firewall.ex - *terraform.NodePlannableResource
  provider.enf - *terraform.NodeApplyableProvider
meta.count-boundary (count boundary fixup) - *terraform.NodeCountBoundary
  enf_firewall.ex - *terraform.NodePlannableResource
  provider.enf - *terraform.NodeApplyableProvider
provider.enf - *terraform.NodeApplyableProvider
provider.enf (close) - *terraform.graphNodeCloseProvider
  enf_firewall.ex - *terraform.NodePlannableResource
  provider.enf - *terraform.NodeApplyableProvider
2019/04/15 16:31:03 [TRACE] Graph after step *terraform.RootTransformer:

enf_firewall.ex - *terraform.NodePlannableResource
  provider.enf - *terraform.NodeApplyableProvider
meta.count-boundary (count boundary fixup) - *terraform.NodeCountBoundary
  enf_firewall.ex - *terraform.NodePlannableResource
  provider.enf - *terraform.NodeApplyableProvider
provider.enf - *terraform.NodeApplyableProvider
provider.enf (close) - *terraform.graphNodeCloseProvider
  enf_firewall.ex - *terraform.NodePlannableResource
  provider.enf - *terraform.NodeApplyableProvider
root - terraform.graphNodeRoot
  meta.count-boundary (count boundary fixup) - *terraform.NodeCountBoundary
  provider.enf (close) - *terraform.graphNodeCloseProvider
2019/04/15 16:31:03 [TRACE] Graph after step *terraform.TransitiveReductionTransformer:

enf_firewall.ex - *terraform.NodePlannableResource
  provider.enf - *terraform.NodeApplyableProvider
meta.count-boundary (count boundary fixup) - *terraform.NodeCountBoundary
  enf_firewall.ex - *terraform.NodePlannableResource
provider.enf - *terraform.NodeApplyableProvider
provider.enf (close) - *terraform.graphNodeCloseProvider
  enf_firewall.ex - *terraform.NodePlannableResource
root - terraform.graphNodeRoot
  meta.count-boundary (count boundary fixup) - *terraform.NodeCountBoundary
  provider.enf (close) - *terraform.graphNodeCloseProvider
2019/04/15 16:31:03 [DEBUG] Starting graph walk: walkPlan
2019/04/15 16:31:03 [TRACE] dag/walk: added new vertex: "meta.count-boundary (count boundary fixup)"
2019/04/15 16:31:03 [TRACE] dag/walk: added new vertex: "provider.enf (close)"
2019/04/15 16:31:03 [TRACE] dag/walk: added new vertex: "root"
2019/04/15 16:31:03 [TRACE] dag/walk: added new vertex: "enf_firewall.ex"
2019/04/15 16:31:03 [TRACE] dag/walk: added new vertex: "provider.enf"
2019/04/15 16:31:03 [TRACE] dag/walk: added edge: "root" waiting on "provider.enf (close)"
2019/04/15 16:31:03 [TRACE] dag/walk: added edge: "enf_firewall.ex" waiting on "provider.enf"
2019/04/15 16:31:03 [TRACE] dag/walk: added edge: "meta.count-boundary (count boundary fixup)" waiting on "enf_firewall.ex"
2019/04/15 16:31:03 [TRACE] dag/walk: added edge: "provider.enf (close)" waiting on "enf_firewall.ex"
2019/04/15 16:31:03 [TRACE] dag/walk: added edge: "root" waiting on "meta.count-boundary (count boundary fixup)"
2019/04/15 16:31:03 [TRACE] dag/walk: dependencies changed for "root", sending new deps
2019/04/15 16:31:03 [TRACE] dag/walk: dependencies changed for "enf_firewall.ex", sending new deps
2019/04/15 16:31:03 [TRACE] dag/walk: dependencies changed for "meta.count-boundary (count boundary fixup)", sending new deps
2019/04/15 16:31:03 [TRACE] dag/walk: dependencies changed for "provider.enf (close)", sending new deps
2019/04/15 16:31:03 [TRACE] dag/walk: walking "provider.enf"
2019/04/15 16:31:03 [TRACE] vertex 'root.provider.enf': walking
2019/04/15 16:31:03 [TRACE] vertex 'root.provider.enf': evaluating
2019/04/15 16:31:03 [TRACE] [walkPlan] Entering eval tree: provider.enf
2019/04/15 16:31:03 [TRACE] root: eval: *terraform.EvalSequence
2019/04/15 16:31:03 [TRACE] root: eval: *terraform.EvalInitProvider
2019/04/15 16:31:03 [TRACE] root: eval: terraform.EvalNoop
2019/04/15 16:31:03 [TRACE] root: eval: terraform.EvalNoop
2019/04/15 16:31:03 [TRACE] root: eval: *terraform.EvalOpFilter
2019/04/15 16:31:03 [TRACE] root: eval: *terraform.EvalSequence
2019/04/15 16:31:03 [TRACE] root: eval: *terraform.EvalGetProvider
2019/04/15 16:31:03 [TRACE] root: eval: *terraform.EvalInterpolateProvider
2019/04/15 16:31:03 [TRACE] root: eval: *terraform.EvalBuildProviderConfig
2019/04/15 16:31:03 [TRACE] root: eval: *terraform.EvalOpFilter
2019/04/15 16:31:03 [TRACE] root: eval: *terraform.EvalSequence
2019/04/15 16:31:03 [TRACE] root: eval: *terraform.EvalConfigProvider
2019-04-15T16:31:03.973-0500 [DEBUG] plugin.terraform-provider-enf: panic: interface conversion: interface {} is nil, not string
2019-04-15T16:31:03.973-0500 [DEBUG] plugin.terraform-provider-enf: 
2019-04-15T16:31:03.973-0500 [DEBUG] plugin.terraform-provider-enf: goroutine 98 [running]:
2019-04-15T16:31:03.973-0500 [DEBUG] plugin.terraform-provider-enf: enf.providerConfigure(0xc000151570, 0x0, 0xc00000e140, 0xc000151570, 0x0)
2019-04-15T16:31:03.973-0500 [DEBUG] plugin.terraform-provider-enf: 	/Users/vinayshanbhag/Desktop/terraform-provider-xaptum/src/enf/provider.go:98 +0x16f
2019-04-15T16:31:03.973-0500 [DEBUG] plugin.terraform-provider-enf: github.com/hashicorp/terraform/helper/schema.(*Provider).Configure(0xc000459000, 0xc00015aa80, 0x27bad98, 0xc000093000)
2019-04-15T16:31:03.974-0500 [DEBUG] plugin.terraform-provider-enf: 	/Users/vinayshanbhag/Desktop/terraform-provider-xaptum/src/github.com/hashicorp/terraform/helper/schema/provider.go:266 +0xd2
2019-04-15T16:31:03.974-0500 [DEBUG] plugin.terraform-provider-enf: github.com/hashicorp/terraform/plugin.(*ResourceProviderServer).Configure(0xc000490f40, 0xc00015aa80, 0xc0000c4820, 0x0, 0x0)
2019-04-15T16:31:03.974-0500 [DEBUG] plugin.terraform-provider-enf: 	/Users/vinayshanbhag/Desktop/terraform-provider-xaptum/src/github.com/hashicorp/terraform/plugin/resource_provider.go:520 +0x42
2019-04-15T16:31:03.974-0500 [DEBUG] plugin.terraform-provider-enf: reflect.Value.call(0xc0000c6ba0, 0xc0000c4678, 0x13, 0x1afa699, 0x4, 0xc000073f18, 0x3, 0x3, 0xc000042a80, 0xc0001509c8, ...)
2019-04-15T16:31:03.974-0500 [DEBUG] plugin.terraform-provider-enf: 	/usr/local/go/src/reflect/value.go:447 +0x461
2019-04-15T16:31:03.974-0500 [DEBUG] plugin.terraform-provider-enf: reflect.Value.Call(0xc0000c6ba0, 0xc0000c4678, 0x13, 0xc00035a718, 0x3, 0x3, 0xc0001509a0, 0xc00035a710, 0xc00035a7b8)
2019-04-15T16:31:03.974-0500 [DEBUG] plugin.terraform-provider-enf: 	/usr/local/go/src/reflect/value.go:308 +0xa4
2019-04-15T16:31:03.974-0500 [DEBUG] plugin.terraform-provider-enf: net/rpc.(*service).call(0xc0000be5c0, 0xc0001806e0, 0xc000342450, 0xc000342460, 0xc000190900, 0xc000179b80, 0x1a8a8c0, 0xc00015aa80, 0x16, 0x1955dc0, ...)
2019-04-15T16:31:03.974-0500 [DEBUG] plugin.terraform-provider-enf: 	/usr/local/go/src/net/rpc/server.go:384 +0x14e
2019-04-15T16:31:03.974-0500 [DEBUG] plugin.terraform-provider-enf: created by net/rpc.(*Server).ServeCodec
2019-04-15T16:31:03.974-0500 [DEBUG] plugin.terraform-provider-enf: 	/usr/local/go/src/net/rpc/server.go:481 +0x42b
2019/04/15 16:31:03 [ERROR] root: eval: *terraform.EvalConfigProvider, err: unexpected EOF
2019/04/15 16:31:03 [ERROR] root: eval: *terraform.EvalSequence, err: unexpected EOF
2019/04/15 16:31:03 [ERROR] root: eval: *terraform.EvalOpFilter, err: unexpected EOF
2019/04/15 16:31:03 [ERROR] root: eval: *terraform.EvalSequence, err: unexpected EOF
2019/04/15 16:31:03 [TRACE] [walkPlan] Exiting eval tree: provider.enf
2019/04/15 16:31:03 [TRACE] dag/walk: upstream errored, not walking "enf_firewall.ex"
2019/04/15 16:31:03 [TRACE] dag/walk: upstream errored, not walking "meta.count-boundary (count boundary fixup)"
2019/04/15 16:31:03 [TRACE] dag/walk: upstream errored, not walking "provider.enf (close)"
2019/04/15 16:31:03 [TRACE] dag/walk: upstream errored, not walking "root"
2019-04-15T16:31:03.978-0500 [DEBUG] plugin: plugin process exited: path=/Users/vinayshanbhag/Desktop/terraform-provider-xaptum/terraform-provider-enf
2019/04/15 16:31:03 [DEBUG] plugin: waiting for all plugin processes to complete...
2019-04-15T16:31:03.979-0500 [WARN ] plugin: error closing client during Kill: err="connection is shut down"
